<?xml version="1.0" encoding="UTF-8"?>
<testng-results skipped="0" failed="0" ignored="0" total="1" passed="1">
  <reporter-output>
  </reporter-output>
  <suite name="Suite" duration-ms="5993" started-at="2020-02-12T13:15:16 PST" finished-at="2020-02-12T13:15:22 PST">
    <groups>
    </groups>
    <test name="DefaultTestChrome" duration-ms="5993" started-at="2020-02-12T13:15:16 PST" finished-at="2020-02-12T13:15:22 PST">
      <class name="Test.FirtsTest">
        <test-method status="PASS" signature="setupTest(java.lang.String, java.lang.String)[pri:0, instance:Test.FirtsTest@7e2d773b]" name="setupTest" is-config="true" duration-ms="3431" started-at="2020-02-12T13:15:16 PST" finished-at="2020-02-12T13:15:20 PST">
          <params>
            <param index="0">
              <value>
                <![CDATA[chrome]]>
              </value>
            </param>
            <param index="1">
              <value>
                <![CDATA[Windows]]>
              </value>
            </param>
          </params>
          <reporter-output>
          </reporter-output>
        </test-method> <!-- setupTest -->
        <test-method status="PASS" signature="FirtsTestES()[pri:0, instance:Test.FirtsTest@7e2d773b]" name="FirtsTestES" duration-ms="2462" started-at="2020-02-12T13:15:20 PST" finished-at="2020-02-12T13:15:22 PST">
          <reporter-output>
          </reporter-output>
        </test-method> <!-- FirtsTestES -->
        <test-method status="PASS" signature="tearDown()[pri:0, instance:Test.FirtsTest@7e2d773b]" name="tearDown" is-config="true" duration-ms="45" started-at="2020-02-12T13:15:22 PST" finished-at="2020-02-12T13:15:22 PST">
          <reporter-output>
          </reporter-output>
        </test-method> <!-- tearDown -->
      </class> <!-- Test.FirtsTest -->
    </test> <!-- DefaultTestChrome -->
  </suite> <!-- Suite -->
</testng-results>
